android/app/build/intermediates/manifest_merge_blame_file/debug/manifest-merger-blame-debug-report.txt
1<?xml version="1.0" encoding="utf-8"?>
2<manifest xmlns:android="http://schemas.android.com/apk/res/android"
3    package="com.videorecorder"
4    android:versionCode="1"
5    android:versionName="1.0" >
6
7    <uses-sdk
8        android:minSdkVersion="21"
9        android:targetSdkVersion="33" />
10
11    <uses-permission android:name="android.permission.SYSTEM_ALERT_WINDOW" />
11-->src\main\AndroidManifest.xml:4:5-77
11-->src\main\AndroidManifest.xml:4:22-75
12    <uses-permission android:name="android.permission.INTERNET" />
12-->src\main\AndroidManifest.xml:3:5-67
12-->src\main\AndroidManifest.xml:3:22-64
13    <uses-permission android:name="android.permission.CAMERA" />
13-->src\main\AndroidManifest.xml:5:5-65
13-->src\main\AndroidManifest.xml:5:22-62
14
15    <uses-feature android:name="android.hardware.camera" />
15-->src\main\AndroidManifest.xml:6:5-60
15-->src\main\AndroidManifest.xml:6:19-57
16    <uses-feature android:name="android.hardware.camera.autofocus" />
16-->src\main\AndroidManifest.xml:7:5-69
16-->src\main\AndroidManifest.xml:7:19-67
17
18    <uses-permission android:name="android.permission.ACCESS_NETWORK_STATE" />
18-->src\main\AndroidManifest.xml:9:5-78
18-->src\main\AndroidManifest.xml:9:22-76
19    <uses-permission android:name="android.permission.MODIFY_AUDIO_SETTINGS" />
19-->src\main\AndroidManifest.xml:10:5-80
19-->src\main\AndroidManifest.xml:10:22-77
20    <uses-permission android:name="android.permission.RECORD_AUDIO" />
20-->src\main\AndroidManifest.xml:11:5-71
20-->src\main\AndroidManifest.xml:11:22-68
21    <uses-permission android:name="android.permission.RECORD_VIDEO" />
21-->src\main\AndroidManifest.xml:12:5-71
21-->src\main\AndroidManifest.xml:12:22-68
22    <uses-permission android:name="android.permission.WAKE_LOCK" />
22-->src\main\AndroidManifest.xml:13:5-68
22-->src\main\AndroidManifest.xml:13:22-65
23    <uses-permission android:name="android.permission.WRITE_EXTERNAL_STORAGE" />
23-->src\main\AndroidManifest.xml:14:5-80
23-->src\main\AndroidManifest.xml:14:22-78
24    <uses-permission android:name="android.permission.READ_MEDIA_VIDEO" />
24-->src\main\AndroidManifest.xml:15:5-75
24-->src\main\AndroidManifest.xml:15:22-72
25    <uses-permission android:name="android.permission.ACCESS_WIFI_STATE" />
25-->[com.facebook.flipper:flipper:0.182.0] AndroidManifest.xml:16:5-76
25-->[com.facebook.flipper:flipper:0.182.0] AndroidManifest.xml:16:22-73
26    <uses-permission android:name="android.permission.READ_EXTERNAL_STORAGE" />
27
28    <queries>
28-->[androidx.camera:camera-extensions:1.1.0-beta02] AndroidManifest.xml:24:5-28:15
29        <intent>
29-->[androidx.camera:camera-extensions:1.1.0-beta02] AndroidManifest.xml:25:9-27:18
30            <action android:name="androidx.camera.extensions.action.VENDOR_ACTION" />
30-->[androidx.camera:camera-extensions:1.1.0-beta02] AndroidManifest.xml:26:13-86
30-->[androidx.camera:camera-extensions:1.1.0-beta02] AndroidManifest.xml:26:21-83
31        </intent>
32    </queries>
33
34    <application
34-->src\main\AndroidManifest.xml:17:5-36:19
35        android:name="com.videorecorder.MainApplication"
35-->src\main\AndroidManifest.xml:18:7-38
36        android:allowBackup="false"
36-->src\main\AndroidManifest.xml:22:7-34
37        android:appComponentFactory="androidx.core.app.CoreComponentFactory"
37-->[androidx.core:core:1.7.0] AndroidManifest.xml:24:18-86
38        android:debuggable="true"
39        android:icon="@mipmap/ic_launcher"
39-->src\main\AndroidManifest.xml:20:7-41
40        android:label="@string/app_name"
40-->src\main\AndroidManifest.xml:19:7-39
41        android:roundIcon="@mipmap/ic_launcher_round"
41-->src\main\AndroidManifest.xml:21:7-52
42        android:theme="@style/AppTheme"
42-->src\main\AndroidManifest.xml:23:7-38
43        android:usesCleartextTraffic="true" >
43-->src\debug\AndroidManifest.xml:8:9-44
44        <activity
44-->src\debug\AndroidManifest.xml:11:9-111
45            android:name="com.facebook.react.devsupport.DevSettingsActivity"
45-->src\debug\AndroidManifest.xml:11:19-83
46            android:exported="false" />
46-->src\debug\AndroidManifest.xml:11:84-108
47        <activity
47-->src\main\AndroidManifest.xml:24:7-35:18
48            android:name="com.videorecorder.MainActivity"
48-->src\main\AndroidManifest.xml:25:9-37
49            android:configChanges="keyboard|keyboardHidden|orientation|screenLayout|screenSize|smallestScreenSize|uiMode"
49-->src\main\AndroidManifest.xml:27:9-118
50            android:exported="true"
50-->src\main\AndroidManifest.xml:30:9-32
51            android:label="@string/app_name"
51-->src\main\AndroidManifest.xml:26:9-41
52            android:launchMode="singleTask"
52-->src\main\AndroidManifest.xml:28:9-40
53            android:windowSoftInputMode="adjustResize" >
53-->src\main\AndroidManifest.xml:29:9-51
54            <intent-filter>
54-->src\main\AndroidManifest.xml:31:9-34:25
55                <action android:name="android.intent.action.MAIN" />
55-->src\main\AndroidManifest.xml:32:13-65
55-->src\main\AndroidManifest.xml:32:21-62
56
57                <category android:name="android.intent.category.LAUNCHER" />
57-->src\main\AndroidManifest.xml:33:13-73
57-->src\main\AndroidManifest.xml:33:23-70
58            </intent-filter>
59        </activity>
60
61        <uses-library
61-->[androidx.camera:camera-extensions:1.1.0-beta02] AndroidManifest.xml:31:9-33:40
62            android:name="androidx.camera.extensions.impl"
62-->[androidx.camera:camera-extensions:1.1.0-beta02] AndroidManifest.xml:32:13-59
63            android:required="false" />
63-->[androidx.camera:camera-extensions:1.1.0-beta02] AndroidManifest.xml:33:13-37
64
65        <service
65-->[androidx.camera:camera-camera2:1.1.0-beta02] AndroidManifest.xml:26:9-35:19
66            android:name="androidx.camera.core.impl.MetadataHolderService"
66-->[androidx.camera:camera-camera2:1.1.0-beta02] AndroidManifest.xml:27:13-75
67            android:enabled="false"
67-->[androidx.camera:camera-camera2:1.1.0-beta02] AndroidManifest.xml:28:13-36
68            android:exported="false" >
68-->[androidx.camera:camera-camera2:1.1.0-beta02] AndroidManifest.xml:29:13-37
69            <meta-data
69-->[androidx.camera:camera-camera2:1.1.0-beta02] AndroidManifest.xml:32:13-34:89
70                android:name="androidx.camera.core.impl.MetadataHolderService.DEFAULT_CONFIG_PROVIDER"
70-->[androidx.camera:camera-camera2:1.1.0-beta02] AndroidManifest.xml:33:17-103
71                android:value="androidx.camera.camera2.Camera2Config$DefaultProvider" />
71-->[androidx.camera:camera-camera2:1.1.0-beta02] AndroidManifest.xml:34:17-86
72        </service>
73
74        <meta-data
74-->[com.facebook.soloader:soloader:0.10.5] AndroidManifest.xml:12:9-14:37
75            android:name="com.facebook.soloader.enabled"
75-->[com.facebook.soloader:soloader:0.10.5] AndroidManifest.xml:13:13-57
76            android:value="false" />
76-->[com.facebook.soloader:soloader:0.10.5] AndroidManifest.xml:14:13-34
77
78        <provider
78-->[androidx.emoji2:emoji2:1.0.0] AndroidManifest.xml:26:9-34:20
79            android:name="androidx.startup.InitializationProvider"
79-->[androidx.emoji2:emoji2:1.0.0] AndroidManifest.xml:27:13-67
80            android:authorities="com.videorecorder.androidx-startup"
80-->[androidx.emoji2:emoji2:1.0.0] AndroidManifest.xml:28:13-68
81            android:exported="false" >
81-->[androidx.emoji2:emoji2:1.0.0] AndroidManifest.xml:29:13-37
82            <meta-data
82-->[androidx.emoji2:emoji2:1.0.0] AndroidManifest.xml:31:13-33:52
83                android:name="androidx.emoji2.text.EmojiCompatInitializer"
83-->[androidx.emoji2:emoji2:1.0.0] AndroidManifest.xml:32:17-75
84                android:value="androidx.startup" />
84-->[androidx.emoji2:emoji2:1.0.0] AndroidManifest.xml:33:17-49
85            <meta-data
85-->[androidx.lifecycle:lifecycle-process:2.4.0] AndroidManifest.xml:31:13-33:52
86                android:name="androidx.lifecycle.ProcessLifecycleInitializer"
86-->[androidx.lifecycle:lifecycle-process:2.4.0] AndroidManifest.xml:32:17-78
87                android:value="androidx.startup" />
87-->[androidx.lifecycle:lifecycle-process:2.4.0] AndroidManifest.xml:33:17-49
88        </provider>
89    </application>
90
91</manifest>